<?xml version="1.0" encoding="UTF-8"?>
<!-- Generated by org.testng.reporters.JUnitReportReporter -->
<testsuite skipped="0" hostname="LAPTOP-80E6C85S" name="spicejet.qa.testcases.LoginPageTest" tests="1" failures="0" timestamp="20 Jul 2020 06:11:31 GMT" time="10.591" errors="0">
  <testcase name="loginPageTitleTest" time="10.591" classname="spicejet.qa.testcases.LoginPageTest"/>
</testsuite> <!-- spicejet.qa.testcases.LoginPageTest -->
