<?xml version="1.0" encoding="UTF-8"?>
<!-- Generated by org.testng.reporters.JUnitReportReporter -->
<testsuite skipped="0" hostname="LAPTOP-80E6C85S" name="spicejet.qa.testcases.IndigoLoginPageTest" tests="3" failures="0" timestamp="30 Jul 2020 11:35:38 GMT" time="66.529" errors="0">
  <testcase name="loginPageTitleTest" time="24.924" classname="spicejet.qa.testcases.IndigoLoginPageTest"/>
  <testcase name="loginTest" time="24.709" classname="spicejet.qa.testcases.IndigoLoginPageTest"/>
  <testcase name="bookflightwithoutlogin" time="16.896" classname="spicejet.qa.testcases.IndigoLoginPageTest"/>
</testsuite> <!-- spicejet.qa.testcases.IndigoLoginPageTest -->
