<?xml version="1.0" encoding="UTF-8"?>
<!-- Generated by org.testng.reporters.JUnitReportReporter -->
<testsuite skipped="0" hostname="LAPTOP-80E6C85S" name="spicejet.qa.testcases.IndigoLoginPageTest" tests="1" failures="0" timestamp="23 Jul 2020 20:22:16 GMT" time="31.330" errors="0">
  <testcase name="loginTest" time="31.330" classname="spicejet.qa.testcases.IndigoLoginPageTest"/>
</testsuite> <!-- spicejet.qa.testcases.IndigoLoginPageTest -->
