<?xml version="1.0" encoding="UTF-8"?>
<!-- Generated by org.testng.reporters.JUnitReportReporter -->
<testsuite skipped="0" hostname="LAPTOP-80E6C85S" name="spicejet.qa.testcases.IndigoLoginPageTest" tests="1" failures="0" timestamp="02 Aug 2020 18:30:38 GMT" time="13.395" errors="0">
  <testcase name="loginPageTitleTest" time="13.395" classname="spicejet.qa.testcases.IndigoLoginPageTest"/>
</testsuite> <!-- spicejet.qa.testcases.IndigoLoginPageTest -->
