<?xml version="1.0" encoding="UTF-8"?>
<!-- Generated by org.testng.reporters.JUnitReportReporter -->
<testsuite skipped="0" hostname="LAPTOP-80E6C85S" name="spicejet.qa.pages.SeleniumTestNGConstructor" tests="1" failures="0" timestamp="21 Jul 2020 18:55:18 GMT" time="12.019" errors="0">
  <testcase name="chktitle" time="12.019" classname="spicejet.qa.pages.SeleniumTestNGConstructor"/>
</testsuite> <!-- spicejet.qa.pages.SeleniumTestNGConstructor -->
